[Thu, 16-Jul-2015 18:29:19 EEST], Hata => { Mesaj: 'array_merge(): Argument #1 is not an array', Dosya : '/var/www/html/GemFramework/Application/Components/Database/Tools/TablePrint.php', Satır: 183, Hata Kodu: 2 } 
[Thu, 16-Jul-2015 18:29:19 EEST], Hata => { Mesaj: 'call_user_func_array() expects parameter 2 to be array, null given', Dosya : '/var/www/html/GemFramework/Application/Components/Database/Tools/TablePrint.php', Satır: 183, Hata Kodu: 2 } 
[Thu, 16-Jul-2015 18:29:19 EEST], Hata => { Mesaj: 'array_merge(): Argument #1 is not an array', Dosya : '/var/www/html/GemFramework/Application/Components/Database/Tools/TablePrint.php', Satır: 183, Hata Kodu: 2 } 
[Thu, 16-Jul-2015 18:29:19 EEST], Hata => { Mesaj: 'call_user_func_array() expects parameter 2 to be array, null given', Dosya : '/var/www/html/GemFramework/Application/Components/Database/Tools/TablePrint.php', Satır: 183, Hata Kodu: 2 } 
[Thu, 16-Jul-2015 18:29:19 EEST], Hata => { Mesaj: 'array_merge(): Argument #1 is not an array', Dosya : '/var/www/html/GemFramework/Application/Components/Database/Tools/TablePrint.php', Satır: 183, Hata Kodu: 2 } 
[Thu, 16-Jul-2015 18:29:19 EEST], Hata => { Mesaj: 'call_user_func_array() expects parameter 2 to be array, null given', Dosya : '/var/www/html/GemFramework/Application/Components/Database/Tools/TablePrint.php', Satır: 183, Hata Kodu: 2 } 
[Thu, 16-Jul-2015 18:29:19 EEST], Hata => { Mesaj: 'array_merge(): Argument #1 is not an array', Dosya : '/var/www/html/GemFramework/Application/Components/Database/Tools/TablePrint.php', Satır: 183, Hata Kodu: 2 } 
[Thu, 16-Jul-2015 18:29:19 EEST], Hata => { Mesaj: 'call_user_func_array() expects parameter 2 to be array, null given', Dosya : '/var/www/html/GemFramework/Application/Components/Database/Tools/TablePrint.php', Satır: 183, Hata Kodu: 2 } 
[Thu, 16-Jul-2015 18:29:19 EEST], Hata => { Mesaj: 'array_merge(): Argument #1 is not an array', Dosya : '/var/www/html/GemFramework/Application/Components/Database/Tools/TablePrint.php', Satır: 183, Hata Kodu: 2 } 
[Thu, 16-Jul-2015 18:29:19 EEST], Hata => { Mesaj: 'call_user_func_array() expects parameter 2 to be array, null given', Dosya : '/var/www/html/GemFramework/Application/Components/Database/Tools/TablePrint.php', Satır: 183, Hata Kodu: 2 } 
[Thu, 16-Jul-2015 18:29:19 EEST], Hata => { Mesaj: 'array_merge(): Argument #1 is not an array', Dosya : '/var/www/html/GemFramework/Application/Components/Database/Tools/TablePrint.php', Satır: 183, Hata Kodu: 2 } 
[Thu, 16-Jul-2015 18:29:19 EEST], Hata => { Mesaj: 'call_user_func_array() expects parameter 2 to be array, null given', Dosya : '/var/www/html/GemFramework/Application/Components/Database/Tools/TablePrint.php', Satır: 183, Hata Kodu: 2 } 
[Thu, 16-Jul-2015 18:29:20 EEST], Hata => { Mesaj: 'array_merge(): Argument #1 is not an array', Dosya : '/var/www/html/GemFramework/Application/Components/Database/Tools/TablePrint.php', Satır: 183, Hata Kodu: 2 } 
[Thu, 16-Jul-2015 18:29:20 EEST], Hata => { Mesaj: 'call_user_func_array() expects parameter 2 to be array, null given', Dosya : '/var/www/html/GemFramework/Application/Components/Database/Tools/TablePrint.php', Satır: 183, Hata Kodu: 2 } 
[Thu, 16-Jul-2015 18:29:20 EEST], Hata => { Mesaj: 'array_merge(): Argument #1 is not an array', Dosya : '/var/www/html/GemFramework/Application/Components/Database/Tools/TablePrint.php', Satır: 183, Hata Kodu: 2 } 
[Thu, 16-Jul-2015 18:29:20 EEST], Hata => { Mesaj: 'call_user_func_array() expects parameter 2 to be array, null given', Dosya : '/var/www/html/GemFramework/Application/Components/Database/Tools/TablePrint.php', Satır: 183, Hata Kodu: 2 } 
[Thu, 16-Jul-2015 18:29:20 EEST], Hata => { Mesaj: 'array_merge(): Argument #1 is not an array', Dosya : '/var/www/html/GemFramework/Application/Components/Database/Tools/TablePrint.php', Satır: 183, Hata Kodu: 2 } 
[Thu, 16-Jul-2015 18:29:20 EEST], Hata => { Mesaj: 'call_user_func_array() expects parameter 2 to be array, null given', Dosya : '/var/www/html/GemFramework/Application/Components/Database/Tools/TablePrint.php', Satır: 183, Hata Kodu: 2 } 
[Thu, 16-Jul-2015 18:29:20 EEST], Hata => { Mesaj: 'array_merge(): Argument #1 is not an array', Dosya : '/var/www/html/GemFramework/Application/Components/Database/Tools/TablePrint.php', Satır: 183, Hata Kodu: 2 } 
[Thu, 16-Jul-2015 18:29:20 EEST], Hata => { Mesaj: 'call_user_func_array() expects parameter 2 to be array, null given', Dosya : '/var/www/html/GemFramework/Application/Components/Database/Tools/TablePrint.php', Satır: 183, Hata Kodu: 2 } 
[Thu, 16-Jul-2015 18:29:20 EEST], Hata => { Mesaj: 'array_merge(): Argument #1 is not an array', Dosya : '/var/www/html/GemFramework/Application/Components/Database/Tools/TablePrint.php', Satır: 183, Hata Kodu: 2 } 
[Thu, 16-Jul-2015 18:29:20 EEST], Hata => { Mesaj: 'call_user_func_array() expects parameter 2 to be array, null given', Dosya : '/var/www/html/GemFramework/Application/Components/Database/Tools/TablePrint.php', Satır: 183, Hata Kodu: 2 } 
[Thu, 16-Jul-2015 18:29:20 EEST], Hata => { Mesaj: 'array_merge(): Argument #1 is not an array', Dosya : '/var/www/html/GemFramework/Application/Components/Database/Tools/TablePrint.php', Satır: 183, Hata Kodu: 2 } 
[Thu, 16-Jul-2015 18:29:20 EEST], Hata => { Mesaj: 'call_user_func_array() expects parameter 2 to be array, null given', Dosya : '/var/www/html/GemFramework/Application/Components/Database/Tools/TablePrint.php', Satır: 183, Hata Kodu: 2 } 
[Thu, 16-Jul-2015 18:29:20 EEST], Hata => { Mesaj: 'array_merge(): Argument #1 is not an array', Dosya : '/var/www/html/GemFramework/Application/Components/Database/Tools/TablePrint.php', Satır: 183, Hata Kodu: 2 } 
[Thu, 16-Jul-2015 18:29:20 EEST], Hata => { Mesaj: 'call_user_func_array() expects parameter 2 to be array, null given', Dosya : '/var/www/html/GemFramework/Application/Components/Database/Tools/TablePrint.php', Satır: 183, Hata Kodu: 2 } 
[Thu, 16-Jul-2015 18:29:20 EEST], Hata => { Mesaj: 'array_merge(): Argument #1 is not an array', Dosya : '/var/www/html/GemFramework/Application/Components/Database/Tools/TablePrint.php', Satır: 183, Hata Kodu: 2 } 
[Thu, 16-Jul-2015 18:29:20 EEST], Hata => { Mesaj: 'call_user_func_array() expects parameter 2 to be array, null given', Dosya : '/var/www/html/GemFramework/Application/Components/Database/Tools/TablePrint.php', Satır: 183, Hata Kodu: 2 } 
[Thu, 16-Jul-2015 18:29:20 EEST], Hata => { Mesaj: 'array_merge(): Argument #1 is not an array', Dosya : '/var/www/html/GemFramework/Application/Components/Database/Tools/TablePrint.php', Satır: 183, Hata Kodu: 2 } 
[Thu, 16-Jul-2015 18:29:20 EEST], Hata => { Mesaj: 'call_user_func_array() expects parameter 2 to be array, null given', Dosya : '/var/www/html/GemFramework/Application/Components/Database/Tools/TablePrint.php', Satır: 183, Hata Kodu: 2 } 
[Thu, 16-Jul-2015 18:29:20 EEST], Hata => { Mesaj: 'array_merge(): Argument #1 is not an array', Dosya : '/var/www/html/GemFramework/Application/Components/Database/Tools/TablePrint.php', Satır: 183, Hata Kodu: 2 } 
[Thu, 16-Jul-2015 18:29:20 EEST], Hata => { Mesaj: 'call_user_func_array() expects parameter 2 to be array, null given', Dosya : '/var/www/html/GemFramework/Application/Components/Database/Tools/TablePrint.php', Satır: 183, Hata Kodu: 2 } 
[Thu, 16-Jul-2015 18:29:20 EEST], Hata => { Mesaj: 'array_merge(): Argument #1 is not an array', Dosya : '/var/www/html/GemFramework/Application/Components/Database/Tools/TablePrint.php', Satır: 183, Hata Kodu: 2 } 
[Thu, 16-Jul-2015 18:29:20 EEST], Hata => { Mesaj: 'call_user_func_array() expects parameter 2 to be array, null given', Dosya : '/var/www/html/GemFramework/Application/Components/Database/Tools/TablePrint.php', Satır: 183, Hata Kodu: 2 } 
[Thu, 16-Jul-2015 18:29:20 EEST], Hata => { Mesaj: 'array_merge(): Argument #1 is not an array', Dosya : '/var/www/html/GemFramework/Application/Components/Database/Tools/TablePrint.php', Satır: 183, Hata Kodu: 2 } 
[Thu, 16-Jul-2015 18:29:20 EEST], Hata => { Mesaj: 'call_user_func_array() expects parameter 2 to be array, null given', Dosya : '/var/www/html/GemFramework/Application/Components/Database/Tools/TablePrint.php', Satır: 183, Hata Kodu: 2 } 
[Thu, 16-Jul-2015 18:29:20 EEST], Hata => { Mesaj: 'array_merge(): Argument #1 is not an array', Dosya : '/var/www/html/GemFramework/Application/Components/Database/Tools/TablePrint.php', Satır: 183, Hata Kodu: 2 } 
[Thu, 16-Jul-2015 18:29:20 EEST], Hata => { Mesaj: 'call_user_func_array() expects parameter 2 to be array, null given', Dosya : '/var/www/html/GemFramework/Application/Components/Database/Tools/TablePrint.php', Satır: 183, Hata Kodu: 2 } 
[Thu, 16-Jul-2015 18:29:20 EEST], Hata => { Mesaj: 'array_merge(): Argument #1 is not an array', Dosya : '/var/www/html/GemFramework/Application/Components/Database/Tools/TablePrint.php', Satır: 183, Hata Kodu: 2 } 
[Thu, 16-Jul-2015 18:29:20 EEST], Hata => { Mesaj: 'call_user_func_array() expects parameter 2 to be array, null given', Dosya : '/var/www/html/GemFramework/Application/Components/Database/Tools/TablePrint.php', Satır: 183, Hata Kodu: 2 } 
[Thu, 16-Jul-2015 18:29:20 EEST], Hata => { Mesaj: 'array_merge(): Argument #1 is not an array', Dosya : '/var/www/html/GemFramework/Application/Components/Database/Tools/TablePrint.php', Satır: 183, Hata Kodu: 2 } 
[Thu, 16-Jul-2015 18:29:20 EEST], Hata => { Mesaj: 'call_user_func_array() expects parameter 2 to be array, null given', Dosya : '/var/www/html/GemFramework/Application/Components/Database/Tools/TablePrint.php', Satır: 183, Hata Kodu: 2 } 
[Thu, 16-Jul-2015 18:29:20 EEST], Hata => { Mesaj: 'array_merge(): Argument #1 is not an array', Dosya : '/var/www/html/GemFramework/Application/Components/Database/Tools/TablePrint.php', Satır: 183, Hata Kodu: 2 } 
[Thu, 16-Jul-2015 18:29:20 EEST], Hata => { Mesaj: 'call_user_func_array() expects parameter 2 to be array, null given', Dosya : '/var/www/html/GemFramework/Application/Components/Database/Tools/TablePrint.php', Satır: 183, Hata Kodu: 2 } 
[Thu, 16-Jul-2015 18:29:20 EEST], Hata => { Mesaj: 'array_merge(): Argument #1 is not an array', Dosya : '/var/www/html/GemFramework/Application/Components/Database/Tools/TablePrint.php', Satır: 183, Hata Kodu: 2 } 
[Thu, 16-Jul-2015 18:29:20 EEST], Hata => { Mesaj: 'call_user_func_array() expects parameter 2 to be array, null given', Dosya : '/var/www/html/GemFramework/Application/Components/Database/Tools/TablePrint.php', Satır: 183, Hata Kodu: 2 } 
[Thu, 16-Jul-2015 18:29:20 EEST], Hata => { Mesaj: 'array_merge(): Argument #1 is not an array', Dosya : '/var/www/html/GemFramework/Application/Components/Database/Tools/TablePrint.php', Satır: 183, Hata Kodu: 2 } 
[Thu, 16-Jul-2015 18:29:20 EEST], Hata => { Mesaj: 'call_user_func_array() expects parameter 2 to be array, null given', Dosya : '/var/www/html/GemFramework/Application/Components/Database/Tools/TablePrint.php', Satır: 183, Hata Kodu: 2 } 
[Thu, 16-Jul-2015 18:29:42 EEST], Hata => { Mesaj: 'array_merge(): Argument #1 is not an array', Dosya : '/var/www/html/GemFramework/Application/Components/Database/Tools/TablePrint.php', Satır: 182, Hata Kodu: 2 } 
[Thu, 16-Jul-2015 18:29:42 EEST], Hata => { Mesaj: 'call_user_func_array() expects parameter 2 to be array, null given', Dosya : '/var/www/html/GemFramework/Application/Components/Database/Tools/TablePrint.php', Satır: 185, Hata Kodu: 2 } 
[Thu, 16-Jul-2015 18:29:42 EEST], Hata => { Mesaj: 'array_merge(): Argument #1 is not an array', Dosya : '/var/www/html/GemFramework/Application/Components/Database/Tools/TablePrint.php', Satır: 182, Hata Kodu: 2 } 
[Thu, 16-Jul-2015 18:29:42 EEST], Hata => { Mesaj: 'call_user_func_array() expects parameter 2 to be array, null given', Dosya : '/var/www/html/GemFramework/Application/Components/Database/Tools/TablePrint.php', Satır: 185, Hata Kodu: 2 } 
[Thu, 16-Jul-2015 18:29:42 EEST], Hata => { Mesaj: 'array_merge(): Argument #1 is not an array', Dosya : '/var/www/html/GemFramework/Application/Components/Database/Tools/TablePrint.php', Satır: 182, Hata Kodu: 2 } 
[Thu, 16-Jul-2015 18:29:42 EEST], Hata => { Mesaj: 'call_user_func_array() expects parameter 2 to be array, null given', Dosya : '/var/www/html/GemFramework/Application/Components/Database/Tools/TablePrint.php', Satır: 185, Hata Kodu: 2 } 
[Thu, 16-Jul-2015 18:29:42 EEST], Hata => { Mesaj: 'array_merge(): Argument #1 is not an array', Dosya : '/var/www/html/GemFramework/Application/Components/Database/Tools/TablePrint.php', Satır: 182, Hata Kodu: 2 } 
[Thu, 16-Jul-2015 18:29:42 EEST], Hata => { Mesaj: 'call_user_func_array() expects parameter 2 to be array, null given', Dosya : '/var/www/html/GemFramework/Application/Components/Database/Tools/TablePrint.php', Satır: 185, Hata Kodu: 2 } 
[Thu, 16-Jul-2015 18:29:42 EEST], Hata => { Mesaj: 'array_merge(): Argument #1 is not an array', Dosya : '/var/www/html/GemFramework/Application/Components/Database/Tools/TablePrint.php', Satır: 182, Hata Kodu: 2 } 
[Thu, 16-Jul-2015 18:29:42 EEST], Hata => { Mesaj: 'call_user_func_array() expects parameter 2 to be array, null given', Dosya : '/var/www/html/GemFramework/Application/Components/Database/Tools/TablePrint.php', Satır: 185, Hata Kodu: 2 } 
[Thu, 16-Jul-2015 18:29:42 EEST], Hata => { Mesaj: 'array_merge(): Argument #1 is not an array', Dosya : '/var/www/html/GemFramework/Application/Components/Database/Tools/TablePrint.php', Satır: 182, Hata Kodu: 2 } 
[Thu, 16-Jul-2015 18:29:42 EEST], Hata => { Mesaj: 'call_user_func_array() expects parameter 2 to be array, null given', Dosya : '/var/www/html/GemFramework/Application/Components/Database/Tools/TablePrint.php', Satır: 185, Hata Kodu: 2 } 
[Thu, 16-Jul-2015 18:29:42 EEST], Hata => { Mesaj: 'array_merge(): Argument #1 is not an array', Dosya : '/var/www/html/GemFramework/Application/Components/Database/Tools/TablePrint.php', Satır: 182, Hata Kodu: 2 } 
[Thu, 16-Jul-2015 18:29:42 EEST], Hata => { Mesaj: 'call_user_func_array() expects parameter 2 to be array, null given', Dosya : '/var/www/html/GemFramework/Application/Components/Database/Tools/TablePrint.php', Satır: 185, Hata Kodu: 2 } 
[Thu, 16-Jul-2015 18:29:42 EEST], Hata => { Mesaj: 'array_merge(): Argument #1 is not an array', Dosya : '/var/www/html/GemFramework/Application/Components/Database/Tools/TablePrint.php', Satır: 182, Hata Kodu: 2 } 
[Thu, 16-Jul-2015 18:29:42 EEST], Hata => { Mesaj: 'call_user_func_array() expects parameter 2 to be array, null given', Dosya : '/var/www/html/GemFramework/Application/Components/Database/Tools/TablePrint.php', Satır: 185, Hata Kodu: 2 } 
[Thu, 16-Jul-2015 18:29:42 EEST], Hata => { Mesaj: 'array_merge(): Argument #1 is not an array', Dosya : '/var/www/html/GemFramework/Application/Components/Database/Tools/TablePrint.php', Satır: 182, Hata Kodu: 2 } 
[Thu, 16-Jul-2015 18:29:42 EEST], Hata => { Mesaj: 'call_user_func_array() expects parameter 2 to be array, null given', Dosya : '/var/www/html/GemFramework/Application/Components/Database/Tools/TablePrint.php', Satır: 185, Hata Kodu: 2 } 
[Thu, 16-Jul-2015 18:29:42 EEST], Hata => { Mesaj: 'array_merge(): Argument #1 is not an array', Dosya : '/var/www/html/GemFramework/Application/Components/Database/Tools/TablePrint.php', Satır: 182, Hata Kodu: 2 } 
[Thu, 16-Jul-2015 18:29:42 EEST], Hata => { Mesaj: 'call_user_func_array() expects parameter 2 to be array, null given', Dosya : '/var/www/html/GemFramework/Application/Components/Database/Tools/TablePrint.php', Satır: 185, Hata Kodu: 2 } 
[Thu, 16-Jul-2015 18:29:42 EEST], Hata => { Mesaj: 'array_merge(): Argument #1 is not an array', Dosya : '/var/www/html/GemFramework/Application/Components/Database/Tools/TablePrint.php', Satır: 182, Hata Kodu: 2 } 
[Thu, 16-Jul-2015 18:29:42 EEST], Hata => { Mesaj: 'call_user_func_array() expects parameter 2 to be array, null given', Dosya : '/var/www/html/GemFramework/Application/Components/Database/Tools/TablePrint.php', Satır: 185, Hata Kodu: 2 } 
[Thu, 16-Jul-2015 18:29:42 EEST], Hata => { Mesaj: 'array_merge(): Argument #1 is not an array', Dosya : '/var/www/html/GemFramework/Application/Components/Database/Tools/TablePrint.php', Satır: 182, Hata Kodu: 2 } 
[Thu, 16-Jul-2015 18:29:42 EEST], Hata => { Mesaj: 'call_user_func_array() expects parameter 2 to be array, null given', Dosya : '/var/www/html/GemFramework/Application/Components/Database/Tools/TablePrint.php', Satır: 185, Hata Kodu: 2 } 
[Thu, 16-Jul-2015 18:29:43 EEST], Hata => { Mesaj: 'array_merge(): Argument #1 is not an array', Dosya : '/var/www/html/GemFramework/Application/Components/Database/Tools/TablePrint.php', Satır: 182, Hata Kodu: 2 } 
[Thu, 16-Jul-2015 18:29:43 EEST], Hata => { Mesaj: 'call_user_func_array() expects parameter 2 to be array, null given', Dosya : '/var/www/html/GemFramework/Application/Components/Database/Tools/TablePrint.php', Satır: 185, Hata Kodu: 2 } 
[Thu, 16-Jul-2015 18:29:43 EEST], Hata => { Mesaj: 'array_merge(): Argument #1 is not an array', Dosya : '/var/www/html/GemFramework/Application/Components/Database/Tools/TablePrint.php', Satır: 182, Hata Kodu: 2 } 
[Thu, 16-Jul-2015 18:29:43 EEST], Hata => { Mesaj: 'call_user_func_array() expects parameter 2 to be array, null given', Dosya : '/var/www/html/GemFramework/Application/Components/Database/Tools/TablePrint.php', Satır: 185, Hata Kodu: 2 } 
[Thu, 16-Jul-2015 18:29:43 EEST], Hata => { Mesaj: 'array_merge(): Argument #1 is not an array', Dosya : '/var/www/html/GemFramework/Application/Components/Database/Tools/TablePrint.php', Satır: 182, Hata Kodu: 2 } 
[Thu, 16-Jul-2015 18:29:43 EEST], Hata => { Mesaj: 'call_user_func_array() expects parameter 2 to be array, null given', Dosya : '/var/www/html/GemFramework/Application/Components/Database/Tools/TablePrint.php', Satır: 185, Hata Kodu: 2 } 
[Thu, 16-Jul-2015 18:29:43 EEST], Hata => { Mesaj: 'array_merge(): Argument #1 is not an array', Dosya : '/var/www/html/GemFramework/Application/Components/Database/Tools/TablePrint.php', Satır: 182, Hata Kodu: 2 } 
[Thu, 16-Jul-2015 18:29:43 EEST], Hata => { Mesaj: 'call_user_func_array() expects parameter 2 to be array, null given', Dosya : '/var/www/html/GemFramework/Application/Components/Database/Tools/TablePrint.php', Satır: 185, Hata Kodu: 2 } 
[Thu, 16-Jul-2015 18:29:43 EEST], Hata => { Mesaj: 'array_merge(): Argument #1 is not an array', Dosya : '/var/www/html/GemFramework/Application/Components/Database/Tools/TablePrint.php', Satır: 182, Hata Kodu: 2 } 
[Thu, 16-Jul-2015 18:29:43 EEST], Hata => { Mesaj: 'call_user_func_array() expects parameter 2 to be array, null given', Dosya : '/var/www/html/GemFramework/Application/Components/Database/Tools/TablePrint.php', Satır: 185, Hata Kodu: 2 } 
[Thu, 16-Jul-2015 18:29:43 EEST], Hata => { Mesaj: 'array_merge(): Argument #1 is not an array', Dosya : '/var/www/html/GemFramework/Application/Components/Database/Tools/TablePrint.php', Satır: 182, Hata Kodu: 2 } 
[Thu, 16-Jul-2015 18:29:43 EEST], Hata => { Mesaj: 'call_user_func_array() expects parameter 2 to be array, null given', Dosya : '/var/www/html/GemFramework/Application/Components/Database/Tools/TablePrint.php', Satır: 185, Hata Kodu: 2 } 
[Thu, 16-Jul-2015 18:29:57 EEST], Hata => { Mesaj: 'array_merge(): Argument #1 is not an array', Dosya : '/var/www/html/GemFramework/Application/Components/Database/Tools/TablePrint.php', Satır: 183, Hata Kodu: 2 } 
[Thu, 16-Jul-2015 18:29:57 EEST], Hata => { Mesaj: 'call_user_func_array() expects parameter 2 to be array, null given', Dosya : '/var/www/html/GemFramework/Application/Components/Database/Tools/TablePrint.php', Satır: 186, Hata Kodu: 2 } 
[Thu, 16-Jul-2015 18:29:57 EEST], Hata => { Mesaj: 'array_merge(): Argument #1 is not an array', Dosya : '/var/www/html/GemFramework/Application/Components/Database/Tools/TablePrint.php', Satır: 183, Hata Kodu: 2 } 
[Thu, 16-Jul-2015 18:29:57 EEST], Hata => { Mesaj: 'call_user_func_array() expects parameter 2 to be array, null given', Dosya : '/var/www/html/GemFramework/Application/Components/Database/Tools/TablePrint.php', Satır: 186, Hata Kodu: 2 } 
[Thu, 16-Jul-2015 18:29:57 EEST], Hata => { Mesaj: 'array_merge(): Argument #1 is not an array', Dosya : '/var/www/html/GemFramework/Application/Components/Database/Tools/TablePrint.php', Satır: 183, Hata Kodu: 2 } 
[Thu, 16-Jul-2015 18:29:57 EEST], Hata => { Mesaj: 'call_user_func_array() expects parameter 2 to be array, null given', Dosya : '/var/www/html/GemFramework/Application/Components/Database/Tools/TablePrint.php', Satır: 186, Hata Kodu: 2 } 
[Thu, 16-Jul-2015 18:29:57 EEST], Hata => { Mesaj: 'array_merge(): Argument #1 is not an array', Dosya : '/var/www/html/GemFramework/Application/Components/Database/Tools/TablePrint.php', Satır: 183, Hata Kodu: 2 } 
[Thu, 16-Jul-2015 18:29:57 EEST], Hata => { Mesaj: 'call_user_func_array() expects parameter 2 to be array, null given', Dosya : '/var/www/html/GemFramework/Application/Components/Database/Tools/TablePrint.php', Satır: 186, Hata Kodu: 2 } 
[Thu, 16-Jul-2015 18:29:57 EEST], Hata => { Mesaj: 'array_merge(): Argument #1 is not an array', Dosya : '/var/www/html/GemFramework/Application/Components/Database/Tools/TablePrint.php', Satır: 183, Hata Kodu: 2 } 
[Thu, 16-Jul-2015 18:29:57 EEST], Hata => { Mesaj: 'call_user_func_array() expects parameter 2 to be array, null given', Dosya : '/var/www/html/GemFramework/Application/Components/Database/Tools/TablePrint.php', Satır: 186, Hata Kodu: 2 } 
[Thu, 16-Jul-2015 18:29:57 EEST], Hata => { Mesaj: 'array_merge(): Argument #1 is not an array', Dosya : '/var/www/html/GemFramework/Application/Components/Database/Tools/TablePrint.php', Satır: 183, Hata Kodu: 2 } 
[Thu, 16-Jul-2015 18:29:57 EEST], Hata => { Mesaj: 'call_user_func_array() expects parameter 2 to be array, null given', Dosya : '/var/www/html/GemFramework/Application/Components/Database/Tools/TablePrint.php', Satır: 186, Hata Kodu: 2 } 
[Thu, 16-Jul-2015 18:30:06 EEST], Hata => { Mesaj: 'array_merge(): Argument #1 is not an array', Dosya : '/var/www/html/GemFramework/Application/Components/Database/Tools/TablePrint.php', Satır: 183, Hata Kodu: 2 } 
[Thu, 16-Jul-2015 18:30:06 EEST], Hata => { Mesaj: 'call_user_func_array() expects parameter 2 to be array, null given', Dosya : '/var/www/html/GemFramework/Application/Components/Database/Tools/TablePrint.php', Satır: 186, Hata Kodu: 2 } 
[Thu, 16-Jul-2015 18:30:06 EEST], Hata => { Mesaj: 'array_merge(): Argument #1 is not an array', Dosya : '/var/www/html/GemFramework/Application/Components/Database/Tools/TablePrint.php', Satır: 183, Hata Kodu: 2 } 
[Thu, 16-Jul-2015 18:30:06 EEST], Hata => { Mesaj: 'call_user_func_array() expects parameter 2 to be array, null given', Dosya : '/var/www/html/GemFramework/Application/Components/Database/Tools/TablePrint.php', Satır: 186, Hata Kodu: 2 } 
[Thu, 16-Jul-2015 18:30:06 EEST], Hata => { Mesaj: 'array_merge(): Argument #1 is not an array', Dosya : '/var/www/html/GemFramework/Application/Components/Database/Tools/TablePrint.php', Satır: 183, Hata Kodu: 2 } 
[Thu, 16-Jul-2015 18:30:06 EEST], Hata => { Mesaj: 'call_user_func_array() expects parameter 2 to be array, null given', Dosya : '/var/www/html/GemFramework/Application/Components/Database/Tools/TablePrint.php', Satır: 186, Hata Kodu: 2 } 
[Thu, 16-Jul-2015 18:30:06 EEST], Hata => { Mesaj: 'array_merge(): Argument #1 is not an array', Dosya : '/var/www/html/GemFramework/Application/Components/Database/Tools/TablePrint.php', Satır: 183, Hata Kodu: 2 } 
[Thu, 16-Jul-2015 18:30:06 EEST], Hata => { Mesaj: 'call_user_func_array() expects parameter 2 to be array, null given', Dosya : '/var/www/html/GemFramework/Application/Components/Database/Tools/TablePrint.php', Satır: 186, Hata Kodu: 2 } 
[Thu, 16-Jul-2015 18:30:06 EEST], Hata => { Mesaj: 'array_merge(): Argument #1 is not an array', Dosya : '/var/www/html/GemFramework/Application/Components/Database/Tools/TablePrint.php', Satır: 183, Hata Kodu: 2 } 
[Thu, 16-Jul-2015 18:30:06 EEST], Hata => { Mesaj: 'call_user_func_array() expects parameter 2 to be array, null given', Dosya : '/var/www/html/GemFramework/Application/Components/Database/Tools/TablePrint.php', Satır: 186, Hata Kodu: 2 } 
[Thu, 16-Jul-2015 18:30:06 EEST], Hata => { Mesaj: 'array_merge(): Argument #1 is not an array', Dosya : '/var/www/html/GemFramework/Application/Components/Database/Tools/TablePrint.php', Satır: 183, Hata Kodu: 2 } 
[Thu, 16-Jul-2015 18:30:06 EEST], Hata => { Mesaj: 'call_user_func_array() expects parameter 2 to be array, null given', Dosya : '/var/www/html/GemFramework/Application/Components/Database/Tools/TablePrint.php', Satır: 186, Hata Kodu: 2 } 
[Thu, 16-Jul-2015 20:25:13 EEST], İstisna => { Mesaj: 'An argument with name "command" already exists.', Dosya : '/var/www/html/GemFramework/vendor/symfony/console/Input/InputDefinition.php', Satır: 120, Hata Kodu: 0 } 
[Thu, 16-Jul-2015 20:25:55 EEST], İstisna => { Mesaj: 'An argument with name "command" already exists.', Dosya : '/var/www/html/GemFramework/vendor/symfony/console/Input/InputDefinition.php', Satır: 120, Hata Kodu: 0 } 
[Thu, 16-Jul-2015 20:26:30 EEST], İstisna => { Mesaj: 'An argument with name "command" already exists.', Dosya : '/var/www/html/GemFramework/vendor/symfony/console/Input/InputDefinition.php', Satır: 120, Hata Kodu: 0 } 
[Thu, 16-Jul-2015 20:27:24 EEST], İstisna => { Mesaj: 'An argument with name "command" already exists.', Dosya : '/var/www/html/GemFramework/vendor/symfony/console/Input/InputDefinition.php', Satır: 120, Hata Kodu: 0 } 
[Thu, 16-Jul-2015 20:30:13 EEST], İstisna => { Mesaj: 'An argument with name "command" already exists.', Dosya : '/var/www/html/GemFramework/vendor/symfony/console/Input/InputDefinition.php', Satır: 120, Hata Kodu: 0 } 
[Thu, 16-Jul-2015 20:30:29 EEST], İstisna => { Mesaj: 'An argument with name "command" already exists.', Dosya : '/var/www/html/GemFramework/vendor/symfony/console/Input/InputDefinition.php', Satır: 120, Hata Kodu: 0 } 
[Thu, 16-Jul-2015 20:37:22 EEST], İstisna => { Mesaj: 'Command "migration" is not defined.

Did you mean this?
    make:migration', Dosya : '/var/www/html/GemFramework/vendor/symfony/console/Application.php', Satır: 549, Hata Kodu: 0 } 
[Fri, 17-Jul-2015 00:42:57 EEST], Hata => { Mesaj: 'Undefined index: Create Table', Dosya : '/var/www/html/GemFramework/Application/Components/Database/Tools/Backup/Backup.php', Satır: 61, Hata Kodu: 8 } 
[Fri, 17-Jul-2015 00:42:57 EEST], Hata => { Mesaj: 'Undefined index: Table', Dosya : '/var/www/html/GemFramework/Application/Components/Database/Tools/Backup/Backup.php', Satır: 64, Hata Kodu: 8 } 
[Fri, 17-Jul-2015 00:42:57 EEST], Hata => { Mesaj: 'touch(): Unable to create file Application/Database/Backup/3ff3.php because No such file or directory', Dosya : '/var/www/html/GemFramework/Application/Components/Filesystem.php', Satır: 166, Hata Kodu: 2 } 
[Fri, 17-Jul-2015 00:42:57 EEST], Hata => { Mesaj: 'fopen(Application/Database/Backup/3ff3.php): failed to open stream: No such file or directory', Dosya : '/var/www/html/GemFramework/Application/Components/Filesystem.php', Satır: 63, Hata Kodu: 2 } 
[Fri, 17-Jul-2015 00:43:28 EEST], Hata => { Mesaj: 'Undefined index: Create Table', Dosya : '/var/www/html/GemFramework/Application/Components/Database/Tools/Backup/Backup.php', Satır: 61, Hata Kodu: 8 } 
[Fri, 17-Jul-2015 00:43:28 EEST], Hata => { Mesaj: 'Undefined index: Table', Dosya : '/var/www/html/GemFramework/Application/Components/Database/Tools/Backup/Backup.php', Satır: 64, Hata Kodu: 8 } 
[Fri, 17-Jul-2015 00:43:28 EEST], Hata => { Mesaj: 'touch(): Unable to create file Application/Database/Backup/c433.php because No such file or directory', Dosya : '/var/www/html/GemFramework/Application/Components/Filesystem.php', Satır: 166, Hata Kodu: 2 } 
[Fri, 17-Jul-2015 00:43:28 EEST], Hata => { Mesaj: 'fopen(Application/Database/Backup/c433.php): failed to open stream: No such file or directory', Dosya : '/var/www/html/GemFramework/Application/Components/Filesystem.php', Satır: 63, Hata Kodu: 2 } 
[Fri, 17-Jul-2015 00:44:44 EEST], Hata => { Mesaj: 'Undefined index: Create Table', Dosya : '/var/www/html/GemFramework/Application/Components/Database/Tools/Backup/Backup.php', Satır: 61, Hata Kodu: 8 } 
[Fri, 17-Jul-2015 00:44:44 EEST], Hata => { Mesaj: 'Undefined index: Table', Dosya : '/var/www/html/GemFramework/Application/Components/Database/Tools/Backup/Backup.php', Satır: 64, Hata Kodu: 8 } 
[Fri, 17-Jul-2015 00:44:44 EEST], Hata => { Mesaj: 'touch(): Unable to create file Application/Database/Backup/f0568.php because No such file or directory', Dosya : '/var/www/html/GemFramework/Application/Components/Filesystem.php', Satır: 166, Hata Kodu: 2 } 
[Fri, 17-Jul-2015 00:44:44 EEST], Hata => { Mesaj: 'fopen(Application/Database/Backup/f0568.php): failed to open stream: No such file or directory', Dosya : '/var/www/html/GemFramework/Application/Components/Filesystem.php', Satır: 63, Hata Kodu: 2 } 
[Fri, 17-Jul-2015 00:44:44 EEST], Hata => { Mesaj: 'Undefined index: Create Table', Dosya : '/var/www/html/GemFramework/Application/Components/Database/Tools/Backup/Backup.php', Satır: 61, Hata Kodu: 8 } 
[Fri, 17-Jul-2015 00:44:44 EEST], Hata => { Mesaj: 'Undefined index: Table', Dosya : '/var/www/html/GemFramework/Application/Components/Database/Tools/Backup/Backup.php', Satır: 64, Hata Kodu: 8 } 
[Fri, 17-Jul-2015 00:44:44 EEST], Hata => { Mesaj: 'touch(): Unable to create file Application/Database/Backup/3767.php because No such file or directory', Dosya : '/var/www/html/GemFramework/Application/Components/Filesystem.php', Satır: 166, Hata Kodu: 2 } 
[Fri, 17-Jul-2015 00:44:44 EEST], Hata => { Mesaj: 'fopen(Application/Database/Backup/3767.php): failed to open stream: No such file or directory', Dosya : '/var/www/html/GemFramework/Application/Components/Filesystem.php', Satır: 63, Hata Kodu: 2 } 
[Fri, 17-Jul-2015 00:44:45 EEST], Hata => { Mesaj: 'Undefined index: Create Table', Dosya : '/var/www/html/GemFramework/Application/Components/Database/Tools/Backup/Backup.php', Satır: 61, Hata Kodu: 8 } 
[Fri, 17-Jul-2015 00:44:45 EEST], Hata => { Mesaj: 'Undefined index: Table', Dosya : '/var/www/html/GemFramework/Application/Components/Database/Tools/Backup/Backup.php', Satır: 64, Hata Kodu: 8 } 
[Fri, 17-Jul-2015 00:44:45 EEST], Hata => { Mesaj: 'touch(): Unable to create file Application/Database/Backup/4ca4d.php because No such file or directory', Dosya : '/var/www/html/GemFramework/Application/Components/Filesystem.php', Satır: 166, Hata Kodu: 2 } 
[Fri, 17-Jul-2015 00:44:45 EEST], Hata => { Mesaj: 'fopen(Application/Database/Backup/4ca4d.php): failed to open stream: No such file or directory', Dosya : '/var/www/html/GemFramework/Application/Components/Filesystem.php', Satır: 63, Hata Kodu: 2 } 
[Fri, 17-Jul-2015 00:46:08 EEST], Hata => { Mesaj: 'Undefined index: Create Table', Dosya : '/var/www/html/GemFramework/Application/Components/Database/Tools/Backup/Backup.php', Satır: 61, Hata Kodu: 8 } 
[Fri, 17-Jul-2015 00:46:08 EEST], Hata => { Mesaj: 'Undefined index: Table', Dosya : '/var/www/html/GemFramework/Application/Components/Database/Tools/Backup/Backup.php', Satır: 64, Hata Kodu: 8 } 
[Fri, 17-Jul-2015 00:46:33 EEST], Hata => { Mesaj: 'Undefined index: Create Table', Dosya : '/var/www/html/GemFramework/Application/Components/Database/Tools/Backup/Backup.php', Satır: 61, Hata Kodu: 8 } 
[Fri, 17-Jul-2015 00:46:33 EEST], Hata => { Mesaj: 'Undefined index: Table', Dosya : '/var/www/html/GemFramework/Application/Components/Database/Tools/Backup/Backup.php', Satır: 64, Hata Kodu: 8 } 
[Fri, 17-Jul-2015 00:48:41 EEST], Hata => { Mesaj: 'Undefined index: Create Table', Dosya : '/var/www/html/GemFramework/Application/Components/Database/Tools/Backup/Backup.php', Satır: 61, Hata Kodu: 8 } 
[Fri, 17-Jul-2015 00:48:41 EEST], Hata => { Mesaj: 'Undefined index: Table', Dosya : '/var/www/html/GemFramework/Application/Components/Database/Tools/Backup/Backup.php', Satır: 64, Hata Kodu: 8 } 
[Fri, 17-Jul-2015 01:05:53 EEST], Hata => { Mesaj: 'Argument 1 passed to Gem\Components\Database\Tools\Backup\Load::__construct() must be an instance of Gem\Components\Database\Base, instance of PDO given, called in /var/www/html/GemFramework/Application/Http/Controllers/Index.php on line 40 and defined', Dosya : '/var/www/html/GemFramework/Application/Components/Database/Tools/Backup/Load.php', Satır: 34, Hata Kodu: 4096 } 
[Fri, 17-Jul-2015 01:05:54 EEST], Hata => { Mesaj: 'Argument 1 passed to Gem\Components\Database\Tools\Backup\Load::__construct() must be an instance of Gem\Components\Database\Base, instance of PDO given, called in /var/www/html/GemFramework/Application/Http/Controllers/Index.php on line 40 and defined', Dosya : '/var/www/html/GemFramework/Application/Components/Database/Tools/Backup/Load.php', Satır: 34, Hata Kodu: 4096 } 
[Fri, 17-Jul-2015 01:06:09 EEST], Hata => { Mesaj: 'Argument 1 passed to Gem\Components\Database\Tools\Backup\Load::__construct() must be an instance of Gem\Components\Database\Base, instance of PDO given, called in /var/www/html/GemFramework/Application/Http/Controllers/Index.php on line 40 and defined', Dosya : '/var/www/html/GemFramework/Application/Components/Database/Tools/Backup/Load.php', Satır: 34, Hata Kodu: 4096 } 
[Fri, 17-Jul-2015 01:06:39 EEST], Hata => { Mesaj: 'Argument 1 passed to Gem\Components\Database\Tools\Backup\Load::__construct() must be an instance of Gem\Components\Database\Base, instance of PDO given, called in /var/www/html/GemFramework/Application/Http/Controllers/Index.php on line 40 and defined', Dosya : '/var/www/html/GemFramework/Application/Components/Database/Tools/Backup/Load.php', Satır: 34, Hata Kodu: 4096 } 
[Fri, 17-Jul-2015 01:06:40 EEST], Hata => { Mesaj: 'Argument 1 passed to Gem\Components\Database\Tools\Backup\Load::__construct() must be an instance of Gem\Components\Database\Base, instance of PDO given, called in /var/www/html/GemFramework/Application/Http/Controllers/Index.php on line 40 and defined', Dosya : '/var/www/html/GemFramework/Application/Components/Database/Tools/Backup/Load.php', Satır: 34, Hata Kodu: 4096 } 
[Fri, 17-Jul-2015 01:06:40 EEST], Hata => { Mesaj: 'Argument 1 passed to Gem\Components\Database\Tools\Backup\Load::__construct() must be an instance of Gem\Components\Database\Base, instance of PDO given, called in /var/www/html/GemFramework/Application/Http/Controllers/Index.php on line 40 and defined', Dosya : '/var/www/html/GemFramework/Application/Components/Database/Tools/Backup/Load.php', Satır: 34, Hata Kodu: 4096 } 
[Fri, 17-Jul-2015 01:07:17 EEST], Hata => { Mesaj: 'Argument 1 passed to Gem\Components\Database\Tools\Backup\Load::__construct() must be an instance of Gem\Components\Database\Base, instance of PDO given, called in /var/www/html/GemFramework/Application/Http/Controllers/Index.php on line 40 and defined', Dosya : '/var/www/html/GemFramework/Application/Components/Database/Tools/Backup/Load.php', Satır: 34, Hata Kodu: 4096 } 
[Fri, 17-Jul-2015 01:07:28 EEST], Hata => { Mesaj: 'Argument 1 passed to Gem\Components\Database\Tools\Backup\Load::__construct() must be an instance of Gem\Components\Database\Base, instance of PDO given, called in /var/www/html/GemFramework/Application/Http/Controllers/Index.php on line 40 and defined', Dosya : '/var/www/html/GemFramework/Application/Components/Database/Tools/Backup/Load.php', Satır: 34, Hata Kodu: 4096 } 
[Fri, 17-Jul-2015 01:10:58 EEST], Hata => { Mesaj: 'Undefined index: Create Table', Dosya : '/var/www/html/GemFramework/Application/Components/Database/Tools/Backup/Backup.php', Satır: 63, Hata Kodu: 8 } 
[Fri, 17-Jul-2015 01:10:58 EEST], Hata => { Mesaj: 'Undefined index: Table', Dosya : '/var/www/html/GemFramework/Application/Components/Database/Tools/Backup/Backup.php', Satır: 66, Hata Kodu: 8 } 
[Fri, 17-Jul-2015 01:11:49 EEST], Hata => { Mesaj: 'Undefined index: Create Table', Dosya : '/var/www/html/GemFramework/Application/Components/Database/Tools/Backup/Backup.php', Satır: 63, Hata Kodu: 8 } 
[Fri, 17-Jul-2015 01:11:49 EEST], Hata => { Mesaj: 'Undefined index: Table', Dosya : '/var/www/html/GemFramework/Application/Components/Database/Tools/Backup/Backup.php', Satır: 66, Hata Kodu: 8 } 
[Fri, 17-Jul-2015 01:12:29 EEST], Hata => { Mesaj: 'Undefined index: Create Table', Dosya : '/var/www/html/GemFramework/Application/Components/Database/Tools/Backup/Backup.php', Satır: 63, Hata Kodu: 8 } 
[Fri, 17-Jul-2015 01:12:29 EEST], Hata => { Mesaj: 'Undefined index: Table', Dosya : '/var/www/html/GemFramework/Application/Components/Database/Tools/Backup/Backup.php', Satır: 66, Hata Kodu: 8 } 
[Fri, 17-Jul-2015 01:13:04 EEST], Hata => { Mesaj: 'Undefined index: Create Table', Dosya : '/var/www/html/GemFramework/Application/Components/Database/Tools/Backup/Backup.php', Satır: 61, Hata Kodu: 8 } 
[Fri, 17-Jul-2015 01:13:04 EEST], Hata => { Mesaj: 'Undefined index: Table', Dosya : '/var/www/html/GemFramework/Application/Components/Database/Tools/Backup/Backup.php', Satır: 64, Hata Kodu: 8 } 
[Fri, 17-Jul-2015 01:13:24 EEST], Hata => { Mesaj: 'Undefined index: Create Table', Dosya : '/var/www/html/GemFramework/Application/Components/Database/Tools/Backup/Backup.php', Satır: 61, Hata Kodu: 8 } 
[Fri, 17-Jul-2015 01:13:24 EEST], Hata => { Mesaj: 'Undefined index: Table', Dosya : '/var/www/html/GemFramework/Application/Components/Database/Tools/Backup/Backup.php', Satır: 64, Hata Kodu: 8 } 
[Fri, 17-Jul-2015 01:13:25 EEST], Hata => { Mesaj: 'Undefined index: Create Table', Dosya : '/var/www/html/GemFramework/Application/Components/Database/Tools/Backup/Backup.php', Satır: 61, Hata Kodu: 8 } 
[Fri, 17-Jul-2015 01:13:25 EEST], Hata => { Mesaj: 'Undefined index: Table', Dosya : '/var/www/html/GemFramework/Application/Components/Database/Tools/Backup/Backup.php', Satır: 64, Hata Kodu: 8 } 
[Fri, 17-Jul-2015 01:13:26 EEST], Hata => { Mesaj: 'Undefined index: Create Table', Dosya : '/var/www/html/GemFramework/Application/Components/Database/Tools/Backup/Backup.php', Satır: 61, Hata Kodu: 8 } 
[Fri, 17-Jul-2015 01:13:26 EEST], Hata => { Mesaj: 'Undefined index: Table', Dosya : '/var/www/html/GemFramework/Application/Components/Database/Tools/Backup/Backup.php', Satır: 64, Hata Kodu: 8 } 
[Fri, 17-Jul-2015 01:31:51 EEST], Hata => { Mesaj: 'Undefined index: Create Table', Dosya : '/var/www/html/GemFramework/Application/Components/Database/Tools/Backup/Backup.php', Satır: 66, Hata Kodu: 8 } 
[Fri, 17-Jul-2015 01:31:51 EEST], Hata => { Mesaj: 'Undefined index: Table', Dosya : '/var/www/html/GemFramework/Application/Components/Database/Tools/Backup/Backup.php', Satır: 69, Hata Kodu: 8 } 
[Fri, 17-Jul-2015 01:32:11 EEST], Hata => { Mesaj: 'Undefined index: Create Table', Dosya : '/var/www/html/GemFramework/Application/Components/Database/Tools/Backup/Backup.php', Satır: 63, Hata Kodu: 8 } 
[Fri, 17-Jul-2015 01:32:11 EEST], Hata => { Mesaj: 'Undefined index: Table', Dosya : '/var/www/html/GemFramework/Application/Components/Database/Tools/Backup/Backup.php', Satır: 66, Hata Kodu: 8 } 
[Fri, 17-Jul-2015 01:32:45 EEST], Hata => { Mesaj: 'Undefined index: Create Table', Dosya : '/var/www/html/GemFramework/Application/Components/Database/Tools/Backup/Backup.php', Satır: 62, Hata Kodu: 8 } 
[Fri, 17-Jul-2015 01:32:45 EEST], Hata => { Mesaj: 'Undefined index: Table', Dosya : '/var/www/html/GemFramework/Application/Components/Database/Tools/Backup/Backup.php', Satır: 65, Hata Kodu: 8 } 
[Fri, 17-Jul-2015 01:33:45 EEST], Hata => { Mesaj: 'Undefined index: Table', Dosya : '/var/www/html/GemFramework/Application/Components/Database/Tools/Backup/Backup.php', Satır: 56, Hata Kodu: 8 } 
[Fri, 17-Jul-2015 01:33:45 EEST], Hata => { Mesaj: 'Undefined index: Table', Dosya : '/var/www/html/GemFramework/Application/Components/Database/Tools/Backup/Backup.php', Satır: 56, Hata Kodu: 8 } 
[Fri, 17-Jul-2015 01:33:46 EEST], Hata => { Mesaj: 'Undefined index: Table', Dosya : '/var/www/html/GemFramework/Application/Components/Database/Tools/Backup/Backup.php', Satır: 56, Hata Kodu: 8 } 
[Fri, 17-Jul-2015 01:33:46 EEST], Hata => { Mesaj: 'Undefined index: Table', Dosya : '/var/www/html/GemFramework/Application/Components/Database/Tools/Backup/Backup.php', Satır: 56, Hata Kodu: 8 } 
[Fri, 17-Jul-2015 01:35:29 EEST], Hata => { Mesaj: 'Argument 1 passed to Gem\Components\Database\Tools\Backup\Backup::__construct() must be an instance of Gem\Components\Database\Base, instance of PDO given, called in /var/www/html/GemFramework/Application/Http/Controllers/Index.php on line 42 and defined', Dosya : '/var/www/html/GemFramework/Application/Components/Database/Tools/Backup/Backup.php', Satır: 26, Hata Kodu: 4096 } 
[Fri, 17-Jul-2015 01:35:29 EEST], Hata => { Mesaj: 'Undefined index: Table', Dosya : '/var/www/html/GemFramework/Application/Components/Database/Tools/Backup/Backup.php', Satır: 56, Hata Kodu: 8 } 
[Fri, 17-Jul-2015 01:35:29 EEST], Hata => { Mesaj: 'Undefined index: Table', Dosya : '/var/www/html/GemFramework/Application/Components/Database/Tools/Backup/Backup.php', Satır: 56, Hata Kodu: 8 } 
[Fri, 17-Jul-2015 01:36:03 EEST], Hata => { Mesaj: 'Argument 1 passed to Gem\Components\Database\Tools\Backup\Backup::__construct() must be an instance of Gem\Components\Database\Base, instance of PDO given, called in /var/www/html/GemFramework/Application/Http/Controllers/Index.php on line 42 and defined', Dosya : '/var/www/html/GemFramework/Application/Components/Database/Tools/Backup/Backup.php', Satır: 26, Hata Kodu: 4096 } 
[Fri, 17-Jul-2015 01:36:03 EEST], Hata => { Mesaj: 'Undefined index: Table', Dosya : '/var/www/html/GemFramework/Application/Components/Database/Tools/Backup/Backup.php', Satır: 56, Hata Kodu: 8 } 
[Fri, 17-Jul-2015 01:36:03 EEST], Hata => { Mesaj: 'Undefined index: Table', Dosya : '/var/www/html/GemFramework/Application/Components/Database/Tools/Backup/Backup.php', Satır: 56, Hata Kodu: 8 } 
[Fri, 17-Jul-2015 01:36:14 EEST], Hata => { Mesaj: 'Argument 1 passed to Gem\Components\Database\Tools\Backup\Backup::__construct() must be an instance of Gem\Components\Database\Base, instance of PDO given, called in /var/www/html/GemFramework/Application/Http/Controllers/Index.php on line 42 and defined', Dosya : '/var/www/html/GemFramework/Application/Components/Database/Tools/Backup/Backup.php', Satır: 26, Hata Kodu: 4096 } 
[Fri, 17-Jul-2015 01:36:14 EEST], Hata => { Mesaj: 'Undefined index: Table', Dosya : '/var/www/html/GemFramework/Application/Components/Database/Tools/Backup/Backup.php', Satır: 56, Hata Kodu: 8 } 
[Fri, 17-Jul-2015 01:36:14 EEST], Hata => { Mesaj: 'Undefined index: Table', Dosya : '/var/www/html/GemFramework/Application/Components/Database/Tools/Backup/Backup.php', Satır: 56, Hata Kodu: 8 } 
[Fri, 17-Jul-2015 01:36:15 EEST], Hata => { Mesaj: 'Argument 1 passed to Gem\Components\Database\Tools\Backup\Backup::__construct() must be an instance of Gem\Components\Database\Base, instance of PDO given, called in /var/www/html/GemFramework/Application/Http/Controllers/Index.php on line 42 and defined', Dosya : '/var/www/html/GemFramework/Application/Components/Database/Tools/Backup/Backup.php', Satır: 26, Hata Kodu: 4096 } 
[Fri, 17-Jul-2015 01:36:15 EEST], Hata => { Mesaj: 'Undefined index: Table', Dosya : '/var/www/html/GemFramework/Application/Components/Database/Tools/Backup/Backup.php', Satır: 56, Hata Kodu: 8 } 
[Fri, 17-Jul-2015 01:36:15 EEST], Hata => { Mesaj: 'Undefined index: Table', Dosya : '/var/www/html/GemFramework/Application/Components/Database/Tools/Backup/Backup.php', Satır: 56, Hata Kodu: 8 } 
[Fri, 17-Jul-2015 01:36:20 EEST], Hata => { Mesaj: 'Argument 1 passed to Gem\Components\Database\Tools\Backup\Backup::__construct() must be an instance of Gem\Components\Database\Base, instance of PDO given, called in /var/www/html/GemFramework/Application/Http/Controllers/Index.php on line 42 and defined', Dosya : '/var/www/html/GemFramework/Application/Components/Database/Tools/Backup/Backup.php', Satır: 26, Hata Kodu: 4096 } 
[Fri, 17-Jul-2015 01:36:20 EEST], Hata => { Mesaj: 'Undefined index: Create Table', Dosya : '/var/www/html/GemFramework/Application/Components/Database/Tools/Backup/Backup.php', Satır: 66, Hata Kodu: 8 } 
[Fri, 17-Jul-2015 01:37:09 EEST], Hata => { Mesaj: 'Argument 1 passed to Gem\Components\Database\Tools\Backup\Backup::__construct() must be an instance of Gem\Components\Database\Base, instance of PDO given, called in /var/www/html/GemFramework/Application/Http/Controllers/Index.php on line 42 and defined', Dosya : '/var/www/html/GemFramework/Application/Components/Database/Tools/Backup/Backup.php', Satır: 26, Hata Kodu: 4096 } 
[Fri, 17-Jul-2015 01:37:09 EEST], Hata => { Mesaj: 'Undefined index: Create Table', Dosya : '/var/www/html/GemFramework/Application/Components/Database/Tools/Backup/Backup.php', Satır: 62, Hata Kodu: 8 } 
[Fri, 17-Jul-2015 01:37:22 EEST], Hata => { Mesaj: 'Argument 1 passed to Gem\Components\Database\Tools\Backup\Backup::__construct() must be an instance of Gem\Components\Database\Base, instance of PDO given, called in /var/www/html/GemFramework/Application/Http/Controllers/Index.php on line 42 and defined', Dosya : '/var/www/html/GemFramework/Application/Components/Database/Tools/Backup/Backup.php', Satır: 26, Hata Kodu: 4096 } 
[Fri, 17-Jul-2015 01:37:22 EEST], Hata => { Mesaj: 'Undefined index: Create Table', Dosya : '/var/www/html/GemFramework/Application/Components/Database/Tools/Backup/Backup.php', Satır: 61, Hata Kodu: 8 } 
[Fri, 17-Jul-2015 01:38:38 EEST], Hata => { Mesaj: 'Argument 1 passed to Gem\Components\Database\Tools\Backup\Backup::__construct() must be an instance of Gem\Components\Database\Base, instance of PDO given, called in /var/www/html/GemFramework/Application/Http/Controllers/Index.php on line 42 and defined', Dosya : '/var/www/html/GemFramework/Application/Components/Database/Tools/Backup/Backup.php', Satır: 26, Hata Kodu: 4096 } 
[Fri, 17-Jul-2015 01:38:38 EEST], Hata => { Mesaj: 'Undefined index: Create Table', Dosya : '/var/www/html/GemFramework/Application/Components/Database/Tools/Backup/Backup.php', Satır: 62, Hata Kodu: 8 } 
[Fri, 17-Jul-2015 01:39:46 EEST], Hata => { Mesaj: 'Argument 1 passed to Gem\Components\Database\Tools\Backup\Backup::__construct() must be an instance of Gem\Components\Database\Base, instance of PDO given, called in /var/www/html/GemFramework/Application/Http/Controllers/Index.php on line 42 and defined', Dosya : '/var/www/html/GemFramework/Application/Components/Database/Tools/Backup/Backup.php', Satır: 26, Hata Kodu: 4096 } 
[Fri, 17-Jul-2015 01:39:46 EEST], Hata => { Mesaj: 'Undefined index: Create Table', Dosya : '/var/www/html/GemFramework/Application/Components/Database/Tools/Backup/Backup.php', Satır: 62, Hata Kodu: 8 } 
[Fri, 17-Jul-2015 01:39:47 EEST], Hata => { Mesaj: 'Argument 1 passed to Gem\Components\Database\Tools\Backup\Backup::__construct() must be an instance of Gem\Components\Database\Base, instance of PDO given, called in /var/www/html/GemFramework/Application/Http/Controllers/Index.php on line 42 and defined', Dosya : '/var/www/html/GemFramework/Application/Components/Database/Tools/Backup/Backup.php', Satır: 26, Hata Kodu: 4096 } 
[Fri, 17-Jul-2015 01:39:47 EEST], Hata => { Mesaj: 'Undefined index: Create Table', Dosya : '/var/www/html/GemFramework/Application/Components/Database/Tools/Backup/Backup.php', Satır: 62, Hata Kodu: 8 } 
[Fri, 17-Jul-2015 01:39:47 EEST], Hata => { Mesaj: 'Argument 1 passed to Gem\Components\Database\Tools\Backup\Backup::__construct() must be an instance of Gem\Components\Database\Base, instance of PDO given, called in /var/www/html/GemFramework/Application/Http/Controllers/Index.php on line 42 and defined', Dosya : '/var/www/html/GemFramework/Application/Components/Database/Tools/Backup/Backup.php', Satır: 26, Hata Kodu: 4096 } 
[Fri, 17-Jul-2015 01:39:47 EEST], Hata => { Mesaj: 'Undefined index: Create Table', Dosya : '/var/www/html/GemFramework/Application/Components/Database/Tools/Backup/Backup.php', Satır: 62, Hata Kodu: 8 } 
[Fri, 17-Jul-2015 01:39:57 EEST], Hata => { Mesaj: 'Argument 1 passed to Gem\Components\Database\Tools\Backup\Backup::__construct() must be an instance of Gem\Components\Database\Base, instance of PDO given, called in /var/www/html/GemFramework/Application/Http/Controllers/Index.php on line 42 and defined', Dosya : '/var/www/html/GemFramework/Application/Components/Database/Tools/Backup/Backup.php', Satır: 26, Hata Kodu: 4096 } 
[Fri, 17-Jul-2015 01:39:57 EEST], Hata => { Mesaj: 'Undefined index: Create Table', Dosya : '/var/www/html/GemFramework/Application/Components/Database/Tools/Backup/Backup.php', Satır: 62, Hata Kodu: 8 } 
[Fri, 17-Jul-2015 01:40:26 EEST], Hata => { Mesaj: 'Argument 1 passed to Gem\Components\Database\Tools\Backup\Backup::__construct() must be an instance of Gem\Components\Database\Base, instance of PDO given, called in /var/www/html/GemFramework/Application/Http/Controllers/Index.php on line 42 and defined', Dosya : '/var/www/html/GemFramework/Application/Components/Database/Tools/Backup/Backup.php', Satır: 26, Hata Kodu: 4096 } 
[Fri, 17-Jul-2015 01:40:27 EEST], Hata => { Mesaj: 'Argument 1 passed to Gem\Components\Database\Tools\Backup\Backup::__construct() must be an instance of Gem\Components\Database\Base, instance of PDO given, called in /var/www/html/GemFramework/Application/Http/Controllers/Index.php on line 42 and defined', Dosya : '/var/www/html/GemFramework/Application/Components/Database/Tools/Backup/Backup.php', Satır: 26, Hata Kodu: 4096 } 
[Fri, 17-Jul-2015 01:49:02 EEST], Hata => { Mesaj: 'Argument 1 passed to Gem\Components\Database\Tools\Backup\Backup::__construct() must be an instance of Gem\Components\Database\Base, instance of PDO given, called in /var/www/html/GemFramework/Application/Http/Controllers/Index.php on line 42 and defined', Dosya : '/var/www/html/GemFramework/Application/Components/Database/Tools/Backup/Backup.php', Satır: 26, Hata Kodu: 4096 } 
[Fri, 17-Jul-2015 01:49:02 EEST], Hata => { Mesaj: 'Undefined index: Create Table', Dosya : '/var/www/html/GemFramework/Application/Components/Database/Tools/Backup/Backup.php', Satır: 62, Hata Kodu: 8 } 
[Fri, 17-Jul-2015 01:49:14 EEST], Hata => { Mesaj: 'Argument 1 passed to Gem\Components\Database\Tools\Backup\Backup::__construct() must be an instance of Gem\Components\Database\Base, instance of PDO given, called in /var/www/html/GemFramework/Application/Http/Controllers/Index.php on line 42 and defined', Dosya : '/var/www/html/GemFramework/Application/Components/Database/Tools/Backup/Backup.php', Satır: 26, Hata Kodu: 4096 } 
[Fri, 17-Jul-2015 01:49:14 EEST], Hata => { Mesaj: 'Undefined index: Create Table', Dosya : '/var/www/html/GemFramework/Application/Components/Database/Tools/Backup/Backup.php', Satır: 61, Hata Kodu: 8 } 
[Fri, 17-Jul-2015 01:53:22 EEST], Hata => { Mesaj: 'Argument 1 passed to Gem\Components\Database\Tools\Backup\Backup::__construct() must be an instance of Gem\Components\Database\Base, instance of PDO given, called in /var/www/html/GemFramework/Application/Http/Controllers/Index.php on line 42 and defined', Dosya : '/var/www/html/GemFramework/Application/Components/Database/Tools/Backup/Backup.php', Satır: 26, Hata Kodu: 4096 } 
[Fri, 17-Jul-2015 01:53:22 EEST], Hata => { Mesaj: 'Undefined index: Create Table', Dosya : '/var/www/html/GemFramework/Application/Components/Database/Tools/Backup/Backup.php', Satır: 61, Hata Kodu: 8 } 
[Fri, 17-Jul-2015 01:56:18 EEST], Hata => { Mesaj: 'Argument 1 passed to Gem\Components\Database\Tools\Backup\Backup::__construct() must be an instance of Gem\Components\Database\Base, instance of PDO given, called in /var/www/html/GemFramework/Application/Http/Controllers/Index.php on line 42 and defined', Dosya : '/var/www/html/GemFramework/Application/Components/Database/Tools/Backup/Backup.php', Satır: 26, Hata Kodu: 4096 } 
[Fri, 17-Jul-2015 01:56:20 EEST], Hata => { Mesaj: 'Argument 1 passed to Gem\Components\Database\Tools\Backup\Backup::__construct() must be an instance of Gem\Components\Database\Base, instance of PDO given, called in /var/www/html/GemFramework/Application/Http/Controllers/Index.php on line 42 and defined', Dosya : '/var/www/html/GemFramework/Application/Components/Database/Tools/Backup/Backup.php', Satır: 26, Hata Kodu: 4096 } 
[Fri, 17-Jul-2015 01:56:54 EEST], Hata => { Mesaj: 'Argument 1 passed to Gem\Components\Database\Tools\Backup\Backup::__construct() must be an instance of Gem\Components\Database\Base, instance of PDO given, called in /var/www/html/GemFramework/Application/Http/Controllers/Index.php on line 42 and defined', Dosya : '/var/www/html/GemFramework/Application/Components/Database/Tools/Backup/Backup.php', Satır: 26, Hata Kodu: 4096 } 
[Fri, 17-Jul-2015 01:56:55 EEST], Hata => { Mesaj: 'Argument 1 passed to Gem\Components\Database\Tools\Backup\Backup::__construct() must be an instance of Gem\Components\Database\Base, instance of PDO given, called in /var/www/html/GemFramework/Application/Http/Controllers/Index.php on line 42 and defined', Dosya : '/var/www/html/GemFramework/Application/Components/Database/Tools/Backup/Backup.php', Satır: 26, Hata Kodu: 4096 } 
[Fri, 17-Jul-2015 01:56:55 EEST], Hata => { Mesaj: 'Argument 1 passed to Gem\Components\Database\Tools\Backup\Backup::__construct() must be an instance of Gem\Components\Database\Base, instance of PDO given, called in /var/www/html/GemFramework/Application/Http/Controllers/Index.php on line 42 and defined', Dosya : '/var/www/html/GemFramework/Application/Components/Database/Tools/Backup/Backup.php', Satır: 26, Hata Kodu: 4096 } 
[Fri, 17-Jul-2015 01:57:06 EEST], Hata => { Mesaj: 'Argument 1 passed to Gem\Components\Database\Tools\Backup\Backup::__construct() must be an instance of Gem\Components\Database\Base, instance of PDO given, called in /var/www/html/GemFramework/Application/Http/Controllers/Index.php on line 42 and defined', Dosya : '/var/www/html/GemFramework/Application/Components/Database/Tools/Backup/Backup.php', Satır: 26, Hata Kodu: 4096 } 
[Fri, 17-Jul-2015 01:57:25 EEST], Hata => { Mesaj: 'Argument 1 passed to Gem\Components\Database\Tools\Backup\Backup::__construct() must be an instance of Gem\Components\Database\Base, instance of PDO given, called in /var/www/html/GemFramework/Application/Http/Controllers/Index.php on line 42 and defined', Dosya : '/var/www/html/GemFramework/Application/Components/Database/Tools/Backup/Backup.php', Satır: 26, Hata Kodu: 4096 } 
[Fri, 17-Jul-2015 01:57:26 EEST], Hata => { Mesaj: 'Argument 1 passed to Gem\Components\Database\Tools\Backup\Backup::__construct() must be an instance of Gem\Components\Database\Base, instance of PDO given, called in /var/www/html/GemFramework/Application/Http/Controllers/Index.php on line 42 and defined', Dosya : '/var/www/html/GemFramework/Application/Components/Database/Tools/Backup/Backup.php', Satır: 26, Hata Kodu: 4096 } 
[Fri, 17-Jul-2015 01:57:26 EEST], Hata => { Mesaj: 'Argument 1 passed to Gem\Components\Database\Tools\Backup\Backup::__construct() must be an instance of Gem\Components\Database\Base, instance of PDO given, called in /var/www/html/GemFramework/Application/Http/Controllers/Index.php on line 42 and defined', Dosya : '/var/www/html/GemFramework/Application/Components/Database/Tools/Backup/Backup.php', Satır: 26, Hata Kodu: 4096 } 
[Fri, 17-Jul-2015 01:57:31 EEST], Hata => { Mesaj: 'Argument 1 passed to Gem\Components\Database\Tools\Backup\Backup::__construct() must be an instance of Gem\Components\Database\Base, instance of PDO given, called in /var/www/html/GemFramework/Application/Http/Controllers/Index.php on line 42 and defined', Dosya : '/var/www/html/GemFramework/Application/Components/Database/Tools/Backup/Backup.php', Satır: 26, Hata Kodu: 4096 } 
[Fri, 17-Jul-2015 01:57:32 EEST], Hata => { Mesaj: 'Argument 1 passed to Gem\Components\Database\Tools\Backup\Backup::__construct() must be an instance of Gem\Components\Database\Base, instance of PDO given, called in /var/www/html/GemFramework/Application/Http/Controllers/Index.php on line 42 and defined', Dosya : '/var/www/html/GemFramework/Application/Components/Database/Tools/Backup/Backup.php', Satır: 26, Hata Kodu: 4096 } 
[Fri, 17-Jul-2015 01:58:11 EEST], Hata => { Mesaj: 'Argument 1 passed to Gem\Components\Database\Tools\Backup\Backup::__construct() must be an instance of Gem\Components\Database\Base, instance of PDO given, called in /var/www/html/GemFramework/Application/Http/Controllers/Index.php on line 42 and defined', Dosya : '/var/www/html/GemFramework/Application/Components/Database/Tools/Backup/Backup.php', Satır: 26, Hata Kodu: 4096 } 
[Fri, 17-Jul-2015 01:58:11 EEST], Hata => { Mesaj: 'Undefined index: Create Table', Dosya : '/var/www/html/GemFramework/Application/Components/Database/Tools/Backup/Backup.php', Satır: 59, Hata Kodu: 8 } 
[Fri, 17-Jul-2015 01:58:11 EEST], Hata => { Mesaj: 'Undefined index: Create Table', Dosya : '/var/www/html/GemFramework/Application/Components/Database/Tools/Backup/Backup.php', Satır: 61, Hata Kodu: 8 } 
[Fri, 17-Jul-2015 01:58:12 EEST], Hata => { Mesaj: 'Argument 1 passed to Gem\Components\Database\Tools\Backup\Backup::__construct() must be an instance of Gem\Components\Database\Base, instance of PDO given, called in /var/www/html/GemFramework/Application/Http/Controllers/Index.php on line 42 and defined', Dosya : '/var/www/html/GemFramework/Application/Components/Database/Tools/Backup/Backup.php', Satır: 26, Hata Kodu: 4096 } 
[Fri, 17-Jul-2015 01:58:12 EEST], Hata => { Mesaj: 'Undefined index: Create Table', Dosya : '/var/www/html/GemFramework/Application/Components/Database/Tools/Backup/Backup.php', Satır: 59, Hata Kodu: 8 } 
[Fri, 17-Jul-2015 01:58:12 EEST], Hata => { Mesaj: 'Undefined index: Create Table', Dosya : '/var/www/html/GemFramework/Application/Components/Database/Tools/Backup/Backup.php', Satır: 61, Hata Kodu: 8 } 
[Fri, 17-Jul-2015 01:58:17 EEST], Hata => { Mesaj: 'Argument 1 passed to Gem\Components\Database\Tools\Backup\Backup::__construct() must be an instance of Gem\Components\Database\Base, instance of PDO given, called in /var/www/html/GemFramework/Application/Http/Controllers/Index.php on line 42 and defined', Dosya : '/var/www/html/GemFramework/Application/Components/Database/Tools/Backup/Backup.php', Satır: 26, Hata Kodu: 4096 } 
[Fri, 17-Jul-2015 01:58:17 EEST], Hata => { Mesaj: 'Undefined index: Create Table', Dosya : '/var/www/html/GemFramework/Application/Components/Database/Tools/Backup/Backup.php', Satır: 61, Hata Kodu: 8 } 
[Fri, 17-Jul-2015 01:58:24 EEST], Hata => { Mesaj: 'Argument 1 passed to Gem\Components\Database\Tools\Backup\Backup::__construct() must be an instance of Gem\Components\Database\Base, instance of PDO given, called in /var/www/html/GemFramework/Application/Http/Controllers/Index.php on line 42 and defined', Dosya : '/var/www/html/GemFramework/Application/Components/Database/Tools/Backup/Backup.php', Satır: 26, Hata Kodu: 4096 } 
[Fri, 17-Jul-2015 01:58:24 EEST], Hata => { Mesaj: 'Undefined offset: 1', Dosya : '/var/www/html/GemFramework/Application/Components/Database/Tools/Backup/Backup.php', Satır: 59, Hata Kodu: 8 } 
[Fri, 17-Jul-2015 01:58:24 EEST], Hata => { Mesaj: 'Undefined index: Create Table', Dosya : '/var/www/html/GemFramework/Application/Components/Database/Tools/Backup/Backup.php', Satır: 61, Hata Kodu: 8 } 
[Fri, 17-Jul-2015 01:58:25 EEST], Hata => { Mesaj: 'Argument 1 passed to Gem\Components\Database\Tools\Backup\Backup::__construct() must be an instance of Gem\Components\Database\Base, instance of PDO given, called in /var/www/html/GemFramework/Application/Http/Controllers/Index.php on line 42 and defined', Dosya : '/var/www/html/GemFramework/Application/Components/Database/Tools/Backup/Backup.php', Satır: 26, Hata Kodu: 4096 } 
[Fri, 17-Jul-2015 01:58:25 EEST], Hata => { Mesaj: 'Undefined offset: 1', Dosya : '/var/www/html/GemFramework/Application/Components/Database/Tools/Backup/Backup.php', Satır: 59, Hata Kodu: 8 } 
[Fri, 17-Jul-2015 01:58:25 EEST], Hata => { Mesaj: 'Undefined index: Create Table', Dosya : '/var/www/html/GemFramework/Application/Components/Database/Tools/Backup/Backup.php', Satır: 61, Hata Kodu: 8 } 
[Fri, 17-Jul-2015 01:58:31 EEST], Hata => { Mesaj: 'Argument 1 passed to Gem\Components\Database\Tools\Backup\Backup::__construct() must be an instance of Gem\Components\Database\Base, instance of PDO given, called in /var/www/html/GemFramework/Application/Http/Controllers/Index.php on line 42 and defined', Dosya : '/var/www/html/GemFramework/Application/Components/Database/Tools/Backup/Backup.php', Satır: 26, Hata Kodu: 4096 } 
[Fri, 17-Jul-2015 01:58:31 EEST], Hata => { Mesaj: 'Undefined index: Create Table', Dosya : '/var/www/html/GemFramework/Application/Components/Database/Tools/Backup/Backup.php', Satır: 61, Hata Kodu: 8 } 
[Fri, 17-Jul-2015 01:58:38 EEST], Hata => { Mesaj: 'Argument 1 passed to Gem\Components\Database\Tools\Backup\Backup::__construct() must be an instance of Gem\Components\Database\Base, instance of PDO given, called in /var/www/html/GemFramework/Application/Http/Controllers/Index.php on line 42 and defined', Dosya : '/var/www/html/GemFramework/Application/Components/Database/Tools/Backup/Backup.php', Satır: 26, Hata Kodu: 4096 } 
[Fri, 17-Jul-2015 01:58:38 EEST], Hata => { Mesaj: 'Undefined index: Create Table', Dosya : '/var/www/html/GemFramework/Application/Components/Database/Tools/Backup/Backup.php', Satır: 61, Hata Kodu: 8 } 
[Fri, 17-Jul-2015 01:58:54 EEST], Hata => { Mesaj: 'Argument 1 passed to Gem\Components\Database\Tools\Backup\Backup::__construct() must be an instance of Gem\Components\Database\Base, instance of PDO given, called in /var/www/html/GemFramework/Application/Http/Controllers/Index.php on line 42 and defined', Dosya : '/var/www/html/GemFramework/Application/Components/Database/Tools/Backup/Backup.php', Satır: 26, Hata Kodu: 4096 } 
[Fri, 17-Jul-2015 01:58:54 EEST], Hata => { Mesaj: 'Undefined offset: 1', Dosya : '/var/www/html/GemFramework/Application/Components/Database/Tools/Backup/Backup.php', Satır: 55, Hata Kodu: 8 } 
[Fri, 17-Jul-2015 01:58:54 EEST], Hata => { Mesaj: 'Undefined offset: 1', Dosya : '/var/www/html/GemFramework/Application/Components/Database/Tools/Backup/Backup.php', Satır: 55, Hata Kodu: 8 } 
[Fri, 17-Jul-2015 01:58:54 EEST], Hata => { Mesaj: 'Undefined index: Create Table', Dosya : '/var/www/html/GemFramework/Application/Components/Database/Tools/Backup/Backup.php', Satır: 60, Hata Kodu: 8 } 
[Fri, 17-Jul-2015 01:59:02 EEST], Hata => { Mesaj: 'Argument 1 passed to Gem\Components\Database\Tools\Backup\Backup::__construct() must be an instance of Gem\Components\Database\Base, instance of PDO given, called in /var/www/html/GemFramework/Application/Http/Controllers/Index.php on line 42 and defined', Dosya : '/var/www/html/GemFramework/Application/Components/Database/Tools/Backup/Backup.php', Satır: 26, Hata Kodu: 4096 } 
[Fri, 17-Jul-2015 01:59:02 EEST], Hata => { Mesaj: 'Undefined offset: 1', Dosya : '/var/www/html/GemFramework/Application/Components/Database/Tools/Backup/Backup.php', Satır: 55, Hata Kodu: 8 } 
[Fri, 17-Jul-2015 01:59:02 EEST], Hata => { Mesaj: 'Undefined offset: 1', Dosya : '/var/www/html/GemFramework/Application/Components/Database/Tools/Backup/Backup.php', Satır: 55, Hata Kodu: 8 } 
[Fri, 17-Jul-2015 01:59:02 EEST], Hata => { Mesaj: 'Undefined index: Create Table', Dosya : '/var/www/html/GemFramework/Application/Components/Database/Tools/Backup/Backup.php', Satır: 60, Hata Kodu: 8 } 
[Fri, 17-Jul-2015 01:59:08 EEST], Hata => { Mesaj: 'Argument 1 passed to Gem\Components\Database\Tools\Backup\Backup::__construct() must be an instance of Gem\Components\Database\Base, instance of PDO given, called in /var/www/html/GemFramework/Application/Http/Controllers/Index.php on line 42 and defined', Dosya : '/var/www/html/GemFramework/Application/Components/Database/Tools/Backup/Backup.php', Satır: 26, Hata Kodu: 4096 } 
[Fri, 17-Jul-2015 01:59:08 EEST], Hata => { Mesaj: 'Undefined offset: 1', Dosya : '/var/www/html/GemFramework/Application/Components/Database/Tools/Backup/Backup.php', Satır: 55, Hata Kodu: 8 } 
[Fri, 17-Jul-2015 01:59:08 EEST], Hata => { Mesaj: 'Undefined offset: 1', Dosya : '/var/www/html/GemFramework/Application/Components/Database/Tools/Backup/Backup.php', Satır: 55, Hata Kodu: 8 } 
[Fri, 17-Jul-2015 01:59:08 EEST], Hata => { Mesaj: 'Undefined index: Create Table', Dosya : '/var/www/html/GemFramework/Application/Components/Database/Tools/Backup/Backup.php', Satır: 60, Hata Kodu: 8 } 
[Fri, 17-Jul-2015 01:59:20 EEST], Hata => { Mesaj: 'Argument 1 passed to Gem\Components\Database\Tools\Backup\Backup::__construct() must be an instance of Gem\Components\Database\Base, instance of PDO given, called in /var/www/html/GemFramework/Application/Http/Controllers/Index.php on line 42 and defined', Dosya : '/var/www/html/GemFramework/Application/Components/Database/Tools/Backup/Backup.php', Satır: 26, Hata Kodu: 4096 } 
[Fri, 17-Jul-2015 01:59:20 EEST], Hata => { Mesaj: 'Undefined offset: 1', Dosya : '/var/www/html/GemFramework/Application/Components/Database/Tools/Backup/Backup.php', Satır: 55, Hata Kodu: 8 } 
[Fri, 17-Jul-2015 01:59:20 EEST], Hata => { Mesaj: 'Undefined offset: 1', Dosya : '/var/www/html/GemFramework/Application/Components/Database/Tools/Backup/Backup.php', Satır: 55, Hata Kodu: 8 } 
[Fri, 17-Jul-2015 01:59:20 EEST], Hata => { Mesaj: 'Undefined index: Create Table', Dosya : '/var/www/html/GemFramework/Application/Components/Database/Tools/Backup/Backup.php', Satır: 61, Hata Kodu: 8 } 
[Fri, 17-Jul-2015 01:59:23 EEST], Hata => { Mesaj: 'Argument 1 passed to Gem\Components\Database\Tools\Backup\Backup::__construct() must be an instance of Gem\Components\Database\Base, instance of PDO given, called in /var/www/html/GemFramework/Application/Http/Controllers/Index.php on line 42 and defined', Dosya : '/var/www/html/GemFramework/Application/Components/Database/Tools/Backup/Backup.php', Satır: 26, Hata Kodu: 4096 } 
[Fri, 17-Jul-2015 01:59:23 EEST], Hata => { Mesaj: 'Undefined offset: 1', Dosya : '/var/www/html/GemFramework/Application/Components/Database/Tools/Backup/Backup.php', Satır: 55, Hata Kodu: 8 } 
[Fri, 17-Jul-2015 01:59:23 EEST], Hata => { Mesaj: 'Undefined offset: 1', Dosya : '/var/www/html/GemFramework/Application/Components/Database/Tools/Backup/Backup.php', Satır: 55, Hata Kodu: 8 } 
[Fri, 17-Jul-2015 01:59:23 EEST], Hata => { Mesaj: 'Undefined index: Create Table', Dosya : '/var/www/html/GemFramework/Application/Components/Database/Tools/Backup/Backup.php', Satır: 61, Hata Kodu: 8 } 
[Fri, 17-Jul-2015 01:59:32 EEST], Hata => { Mesaj: 'Argument 1 passed to Gem\Components\Database\Tools\Backup\Backup::__construct() must be an instance of Gem\Components\Database\Base, instance of PDO given, called in /var/www/html/GemFramework/Application/Http/Controllers/Index.php on line 42 and defined', Dosya : '/var/www/html/GemFramework/Application/Components/Database/Tools/Backup/Backup.php', Satır: 26, Hata Kodu: 4096 } 
[Fri, 17-Jul-2015 02:01:06 EEST], Hata => { Mesaj: 'Argument 1 passed to Gem\Components\Database\Tools\Backup\Backup::__construct() must be an instance of Gem\Components\Database\Base, instance of PDO given, called in /var/www/html/GemFramework/Application/Http/Controllers/Index.php on line 48 and defined', Dosya : '/var/www/html/GemFramework/Application/Components/Database/Tools/Backup/Backup.php', Satır: 26, Hata Kodu: 4096 } 
[Fri, 17-Jul-2015 02:03:17 EEST], Hata => { Mesaj: 'Argument 1 passed to Gem\Components\Database\Tools\Backup\Backup::__construct() must be an instance of Gem\Components\Database\Base, instance of PDO given, called in /var/www/html/GemFramework/Application/Http/Controllers/Index.php on line 50 and defined', Dosya : '/var/www/html/GemFramework/Application/Components/Database/Tools/Backup/Backup.php', Satır: 26, Hata Kodu: 4096 } 
[Fri, 17-Jul-2015 02:03:57 EEST], Hata => { Mesaj: 'Argument 1 passed to Gem\Components\Database\Tools\Backup\Backup::__construct() must be an instance of Gem\Components\Database\Base, instance of PDO given, called in /var/www/html/GemFramework/Application/Http/Controllers/Index.php on line 50 and defined', Dosya : '/var/www/html/GemFramework/Application/Components/Database/Tools/Backup/Backup.php', Satır: 26, Hata Kodu: 4096 } 
[Fri, 17-Jul-2015 02:04:16 EEST], Hata => { Mesaj: 'Argument 1 passed to Gem\Components\Database\Tools\Backup\Backup::__construct() must be an instance of Gem\Components\Database\Base, instance of PDO given, called in /var/www/html/GemFramework/Application/Http/Controllers/Index.php on line 50 and defined', Dosya : '/var/www/html/GemFramework/Application/Components/Database/Tools/Backup/Backup.php', Satır: 26, Hata Kodu: 4096 } 
[Fri, 17-Jul-2015 02:04:18 EEST], Hata => { Mesaj: 'Argument 1 passed to Gem\Components\Database\Tools\Backup\Backup::__construct() must be an instance of Gem\Components\Database\Base, instance of PDO given, called in /var/www/html/GemFramework/Application/Http/Controllers/Index.php on line 50 and defined', Dosya : '/var/www/html/GemFramework/Application/Components/Database/Tools/Backup/Backup.php', Satır: 26, Hata Kodu: 4096 } 
[Fri, 17-Jul-2015 11:18:20 EEST], Hata => { Mesaj: 'Cannot modify header information - headers already sent by (output started at /var/www/html/GemFramework/index.php:3)', Dosya : '/var/www/html/GemFramework/Application/Components/Http/Response.php', Satır: 283, Hata Kodu: 2 } 
[Fri, 17-Jul-2015 11:18:20 EEST], İstisna => { Mesaj: 'Başlıklar  zaten gönderilimiş, bu işlem gerçekleştirilemez', Dosya : '/var/www/html/GemFramework/Application/Components/Http/Response.php', Satır: 304, Hata Kodu: 0 } 
[Fri, 17-Jul-2015 11:18:20 EEST], Hata => { Mesaj: 'Cannot modify header information - headers already sent by (output started at /var/www/html/GemFramework/index.php:3)', Dosya : '/var/www/html/GemFramework/Application/Components/Http/Response.php', Satır: 283, Hata Kodu: 2 } 
[Fri, 17-Jul-2015 11:26:46 EEST], Hata => { Mesaj: 'Cannot modify header information - headers already sent by (output started at /var/www/html/GemFramework/Application/Http/Controllers/Index.php:42)', Dosya : '/var/www/html/GemFramework/Application/Components/Http/Response.php', Satır: 283, Hata Kodu: 2 } 
[Fri, 17-Jul-2015 11:26:46 EEST], İstisna => { Mesaj: 'Başlıklar  zaten gönderilimiş, bu işlem gerçekleştirilemez', Dosya : '/var/www/html/GemFramework/Application/Components/Http/Response.php', Satır: 304, Hata Kodu: 0 } 
[Fri, 17-Jul-2015 11:26:46 EEST], Hata => { Mesaj: 'Cannot modify header information - headers already sent by (output started at /var/www/html/GemFramework/Application/Http/Controllers/Index.php:42)', Dosya : '/var/www/html/GemFramework/Application/Components/Http/Response.php', Satır: 283, Hata Kodu: 2 } 
